<?xml version="1.0" encoding="UTF-8"?>
<!-- Generated by org.testng.reporters.JUnitReportReporter -->
<testsuite hostname="DESKTOP-SCL1HOL" failures="0" tests="3" name="automobiles.Toyota" time="0.009" errors="0" timestamp="2020-07-23T14:47:55 IST" skipped="0">
  <testcase classname="automobiles.Toyota" name="InnovaCrysta" time="0.002"/>
  <system-out/>
  <testcase classname="automobiles.Toyota" name="Corolla" time="0.005"/>
  <system-out/>
  <testcase classname="automobiles.Toyota" name="Fortuner" time="0.002"/>
  <system-out/>
</testsuite> <!-- automobiles.Toyota -->
