<?xml version="1.0" encoding="UTF-8"?>
<!-- Generated by org.testng.reporters.JUnitReportReporter -->
<testsuite hostname="DESKTOP-SCL1HOL" failures="0" tests="3" name="automobiles.TATA" time="0.006" errors="0" timestamp="2020-07-23T14:47:55 IST" skipped="0">
  <testcase classname="automobiles.TATA" name="Hexa" time="0.003"/>
  <system-out/>
  <testcase classname="automobiles.TATA" name="SafariStorme" time="0.002"/>
  <system-out/>
  <testcase classname="automobiles.TATA" name="Aria" time="0.001"/>
  <system-out/>
</testsuite> <!-- automobiles.TATA -->
