<?xml version="1.0" encoding="UTF-8"?>
<!-- Generated by org.testng.reporters.JUnitReportReporter -->
<testsuite hostname="DESKTOP-SCL1HOL" failures="0" tests="1" name="automobiles.Skoda" time="0.006" errors="0" timestamp="2020-07-23T14:47:55 IST" skipped="0">
  <testcase classname="automobiles.Skoda" name="Laura" time="0.006"/>
  <system-out/>
</testsuite> <!-- automobiles.Skoda -->
