<?xml version="1.0" encoding="UTF-8"?>
<!-- Generated by org.testng.reporters.JUnitReportReporter -->
<testsuite hostname="DESKTOP-SCL1HOL" failures="0" tests="4" name="automobiles.VW" time="0.006" errors="0" timestamp="2020-07-23T14:47:55 IST" skipped="0">
  <testcase classname="automobiles.VW" name="Passat" time="0.002"/>
  <system-out/>
  <testcase classname="automobiles.VW" name="Polo" time="0.002"/>
  <system-out/>
  <testcase classname="automobiles.VW" name="Polo" time="0.001"/>
  <system-out/>
  <testcase classname="automobiles.VW" name="Polo" time="0.001"/>
  <system-out/>
</testsuite> <!-- automobiles.VW -->
